{"C:\\Users\\Arul\\loan-car-system-1\\app.js": {"path":"C:\\Users\\Arul\\loan-car-system-1\\app.js","statementMap":{"0":{"start":{"line":1,"column":16},"end":{"line":1,"column":34}},"1":{"start":{"line":2,"column":13},"end":{"line":2,"column":28}},"2":{"start":{"line":3,"column":0},"end":{"line":3,"column":26}},"3":{"start":{"line":5,"column":12},"end":{"line":5,"column":21}},"4":{"start":{"line":6,"column":0},"end":{"line":6,"column":48}},"5":{"start":{"line":7,"column":0},"end":{"line":7,"column":23}},"6":{"start":{"line":8,"column":0},"end":{"line":8,"column":15}},"7":{"start":{"line":10,"column":16},"end":{"line":10,"column":36}},"8":{"start":{"line":12,"column":0},"end":{"line":12,"column":16}},"9":{"start":{"line":14,"column":0},"end":{"line":14,"column":20}}},"fnMap":{},"branchMap":{},"s":{"0":1,"1":1,"2":1,"3":1,"4":1,"5":1,"6":1,"7":1,"8":1,"9":1},"f":{},"b":{},"_coverageSchema":"1a1c01bbd47fc00a2c39e90264f33305004495a9","hash":"6836ccc92b5dffff283a75cf7e24771e059c46b4"}
,"C:\\Users\\Arul\\loan-car-system-1\\controllers\\installment.controllers.js": {"path":"C:\\Users\\Arul\\loan-car-system-1\\controllers\\installment.controllers.js","statementMap":{"0":{"start":{"line":1,"column":21},"end":{"line":1,"column":64}},"1":{"start":{"line":2,"column":23},"end":{"line":2,"column":59}},"2":{"start":{"line":10,"column":4},"end":{"line":10,"column":24}},"3":{"start":{"line":11,"column":24},"end":{"line":11,"column":69}},"4":{"start":{"line":13,"column":19},"end":{"line":13,"column":40}},"5":{"start":{"line":16,"column":14},"end":{"line":16,"column":43}},"6":{"start":{"line":17,"column":4},"end":{"line":102,"column":5}},"7":{"start":{"line":18,"column":26},"end":{"line":18,"column":37}},"8":{"start":{"line":19,"column":56},"end":{"line":19,"column":64}},"9":{"start":{"line":21,"column":19},"end":{"line":21,"column":52}},"10":{"start":{"line":22,"column":22},"end":{"line":22,"column":61}},"11":{"start":{"line":23,"column":18},"end":{"line":23,"column":49}},"12":{"start":{"line":25,"column":6},"end":{"line":98,"column":7}},"13":{"start":{"line":26,"column":8},"end":{"line":95,"column":9}},"14":{"start":{"line":27,"column":30},"end":{"line":36,"column":11}},"15":{"start":{"line":37,"column":20},"end":{"line":37,"column":30}},"16":{"start":{"line":39,"column":31},"end":{"line":57,"column":11}},"17":{"start":{"line":58,"column":27},"end":{"line":58,"column":29}},"18":{"start":{"line":59,"column":10},"end":{"line":88,"column":11}},"19":{"start":{"line":59,"column":23},"end":{"line":59,"column":24}},"20":{"start":{"line":61,"column":31},"end":{"line":61,"column":32}},"21":{"start":{"line":62,"column":12},"end":{"line":62,"column":30}},"22":{"start":{"line":63,"column":12},"end":{"line":63,"column":56}},"23":{"start":{"line":64,"column":12},"end":{"line":64,"column":35}},"24":{"start":{"line":65,"column":12},"end":{"line":67,"column":13}},"25":{"start":{"line":68,"column":12},"end":{"line":70,"column":13}},"26":{"start":{"line":85,"column":12},"end":{"line":85,"column":43}},"27":{"start":{"line":86,"column":29},"end":{"line":86,"column":53}},"28":{"start":{"line":87,"column":12},"end":{"line":87,"column":68}},"29":{"start":{"line":90,"column":10},"end":{"line":90,"column":26}},"30":{"start":{"line":92,"column":10},"end":{"line":92,"column":56}},"31":{"start":{"line":94,"column":10},"end":{"line":94,"column":70}},"32":{"start":{"line":97,"column":8},"end":{"line":97,"column":48}},"33":{"start":{"line":100,"column":6},"end":{"line":100,"column":24}},"34":{"start":{"line":101,"column":6},"end":{"line":101,"column":15}},"35":{"start":{"line":106,"column":4},"end":{"line":112,"column":5}},"36":{"start":{"line":107,"column":26},"end":{"line":107,"column":37}},"37":{"start":{"line":108,"column":27},"end":{"line":108,"column":72}},"38":{"start":{"line":109,"column":6},"end":{"line":109,"column":73}},"39":{"start":{"line":111,"column":6},"end":{"line":111,"column":15}},"40":{"start":{"line":116,"column":4},"end":{"line":126,"column":5}},"41":{"start":{"line":117,"column":21},"end":{"line":117,"column":31}},"42":{"start":{"line":118,"column":26},"end":{"line":118,"column":63}},"43":{"start":{"line":119,"column":6},"end":{"line":123,"column":7}},"44":{"start":{"line":120,"column":8},"end":{"line":120,"column":75}},"45":{"start":{"line":122,"column":8},"end":{"line":122,"column":48}},"46":{"start":{"line":125,"column":6},"end":{"line":125,"column":15}},"47":{"start":{"line":130,"column":0},"end":{"line":130,"column":38}}},"fnMap":{"0":{"name":"(anonymous_0)","decl":{"start":{"line":15,"column":2},"end":{"line":15,"column":3}},"loc":{"start":{"line":15,"column":39},"end":{"line":103,"column":3}},"line":15},"1":{"name":"(anonymous_1)","decl":{"start":{"line":105,"column":2},"end":{"line":105,"column":3}},"loc":{"start":{"line":105,"column":40},"end":{"line":113,"column":3}},"line":105},"2":{"name":"(anonymous_2)","decl":{"start":{"line":115,"column":2},"end":{"line":115,"column":3}},"loc":{"start":{"line":115,"column":40},"end":{"line":127,"column":3}},"line":115}},"branchMap":{"0":{"loc":{"start":{"line":25,"column":6},"end":{"line":98,"column":7}},"type":"if","locations":[{"start":{"line":25,"column":6},"end":{"line":98,"column":7}},{"start":{"line":96,"column":13},"end":{"line":98,"column":7}}],"line":25},"1":{"loc":{"start":{"line":25,"column":10},"end":{"line":25,"column":24}},"type":"binary-expr","locations":[{"start":{"line":25,"column":10},"end":{"line":25,"column":17}},{"start":{"line":25,"column":21},"end":{"line":25,"column":24}}],"line":25},"2":{"loc":{"start":{"line":26,"column":8},"end":{"line":95,"column":9}},"type":"if","locations":[{"start":{"line":26,"column":8},"end":{"line":95,"column":9}},{"start":{"line":93,"column":15},"end":{"line":95,"column":9}}],"line":26},"3":{"loc":{"start":{"line":26,"column":12},"end":{"line":26,"column":59}},"type":"binary-expr","locations":[{"start":{"line":26,"column":12},"end":{"line":26,"column":27}},{"start":{"line":26,"column":31},"end":{"line":26,"column":59}}],"line":26},"4":{"loc":{"start":{"line":119,"column":6},"end":{"line":123,"column":7}},"type":"if","locations":[{"start":{"line":119,"column":6},"end":{"line":123,"column":7}},{"start":{"line":121,"column":13},"end":{"line":123,"column":7}}],"line":119}},"s":{"0":1,"1":1,"2":1,"3":1,"4":1,"5":0,"6":0,"7":0,"8":0,"9":0,"10":0,"11":0,"12":0,"13":0,"14":0,"15":0,"16":0,"17":0,"18":0,"19":0,"20":0,"21":0,"22":0,"23":0,"24":0,"25":0,"26":0,"27":0,"28":0,"29":0,"30":0,"31":0,"32":0,"33":0,"34":0,"35":0,"36":0,"37":0,"38":0,"39":0,"40":0,"41":0,"42":0,"43":0,"44":0,"45":0,"46":0,"47":1},"f":{"0":0,"1":0,"2":0},"b":{"0":[0,0],"1":[0,0],"2":[0,0],"3":[0,0],"4":[0,0]},"_coverageSchema":"1a1c01bbd47fc00a2c39e90264f33305004495a9","hash":"d2f264c4fa03df5a5bab477d54a5218bdfdcc90a"}
,"C:\\Users\\Arul\\loan-car-system-1\\controllers\\invoice.controllers.js": {"path":"C:\\Users\\Arul\\loan-car-system-1\\controllers\\invoice.controllers.js","statementMap":{"0":{"start":{"line":1,"column":23},"end":{"line":1,"column":59}},"1":{"start":{"line":2,"column":29},"end":{"line":2,"column":49}},"2":{"start":{"line":3,"column":24},"end":{"line":3,"column":69}},"3":{"start":{"line":5,"column":19},"end":{"line":5,"column":40}},"4":{"start":{"line":8,"column":4},"end":{"line":17,"column":5}},"5":{"start":{"line":9,"column":26},"end":{"line":9,"column":37}},"6":{"start":{"line":10,"column":23},"end":{"line":10,"column":65}},"7":{"start":{"line":12,"column":6},"end":{"line":14,"column":7}},"8":{"start":{"line":13,"column":8},"end":{"line":13,"column":62}},"9":{"start":{"line":16,"column":6},"end":{"line":16,"column":15}},"10":{"start":{"line":21,"column":4},"end":{"line":31,"column":5}},"11":{"start":{"line":22,"column":29},"end":{"line":22,"column":39}},"12":{"start":{"line":23,"column":22},"end":{"line":23,"column":69}},"13":{"start":{"line":24,"column":6},"end":{"line":28,"column":7}},"14":{"start":{"line":25,"column":8},"end":{"line":25,"column":59}},"15":{"start":{"line":27,"column":8},"end":{"line":27,"column":48}},"16":{"start":{"line":30,"column":6},"end":{"line":30,"column":15}},"17":{"start":{"line":35,"column":0},"end":{"line":35,"column":34}}},"fnMap":{"0":{"name":"(anonymous_0)","decl":{"start":{"line":7,"column":2},"end":{"line":7,"column":3}},"loc":{"start":{"line":7,"column":38},"end":{"line":18,"column":3}},"line":7},"1":{"name":"(anonymous_1)","decl":{"start":{"line":20,"column":2},"end":{"line":20,"column":3}},"loc":{"start":{"line":20,"column":37},"end":{"line":32,"column":3}},"line":20}},"branchMap":{"0":{"loc":{"start":{"line":12,"column":6},"end":{"line":14,"column":7}},"type":"if","locations":[{"start":{"line":12,"column":6},"end":{"line":14,"column":7}},{"start":{},"end":{}}],"line":12},"1":{"loc":{"start":{"line":24,"column":6},"end":{"line":28,"column":7}},"type":"if","locations":[{"start":{"line":24,"column":6},"end":{"line":28,"column":7}},{"start":{"line":26,"column":13},"end":{"line":28,"column":7}}],"line":24}},"s":{"0":1,"1":1,"2":1,"3":1,"4":0,"5":0,"6":0,"7":0,"8":0,"9":0,"10":0,"11":0,"12":0,"13":0,"14":0,"15":0,"16":0,"17":1},"f":{"0":0,"1":0},"b":{"0":[0,0],"1":[0,0]},"_coverageSchema":"1a1c01bbd47fc00a2c39e90264f33305004495a9","hash":"3ae097c60c072379ee360883c43bff97d1c81d98"}
,"C:\\Users\\Arul\\loan-car-system-1\\controllers\\payment.controllers.js": {"path":"C:\\Users\\Arul\\loan-car-system-1\\controllers\\payment.controllers.js","statementMap":{"0":{"start":{"line":1,"column":23},"end":{"line":1,"column":59}},"1":{"start":{"line":2,"column":46},"end":{"line":2,"column":66}},"2":{"start":{"line":3,"column":24},"end":{"line":3,"column":69}},"3":{"start":{"line":5,"column":19},"end":{"line":5,"column":40}},"4":{"start":{"line":8,"column":14},"end":{"line":8,"column":43}},"5":{"start":{"line":9,"column":4},"end":{"line":111,"column":5}},"6":{"start":{"line":10,"column":29},"end":{"line":10,"column":39}},"7":{"start":{"line":11,"column":27},"end":{"line":11,"column":35}},"8":{"start":{"line":13,"column":25},"end":{"line":13,"column":72}},"9":{"start":{"line":15,"column":6},"end":{"line":107,"column":7}},"10":{"start":{"line":16,"column":28},"end":{"line":16,"column":38}},"11":{"start":{"line":17,"column":8},"end":{"line":106,"column":9}},"12":{"start":{"line":21,"column":33},"end":{"line":27,"column":11}},"13":{"start":{"line":29,"column":10},"end":{"line":103,"column":11}},"14":{"start":{"line":30,"column":31},"end":{"line":32,"column":14}},"15":{"start":{"line":33,"column":12},"end":{"line":98,"column":13}},"16":{"start":{"line":34,"column":14},"end":{"line":42,"column":15}},"17":{"start":{"line":43,"column":19},"end":{"line":98,"column":13}},"18":{"start":{"line":46,"column":14},"end":{"line":56,"column":15}},"19":{"start":{"line":57,"column":14},"end":{"line":69,"column":15}},"20":{"start":{"line":71,"column":31},"end":{"line":80,"column":15}},"21":{"start":{"line":82,"column":14},"end":{"line":97,"column":15}},"22":{"start":{"line":83,"column":16},"end":{"line":96,"column":17}},"23":{"start":{"line":100,"column":12},"end":{"line":100,"column":28}},"24":{"start":{"line":102,"column":12},"end":{"line":102,"column":75}},"25":{"start":{"line":105,"column":10},"end":{"line":105,"column":49}},"26":{"start":{"line":109,"column":6},"end":{"line":109,"column":24}},"27":{"start":{"line":110,"column":6},"end":{"line":110,"column":15}},"28":{"start":{"line":115,"column":0},"end":{"line":115,"column":34}}},"fnMap":{"0":{"name":"(anonymous_0)","decl":{"start":{"line":7,"column":2},"end":{"line":7,"column":3}},"loc":{"start":{"line":7,"column":39},"end":{"line":112,"column":3}},"line":7}},"branchMap":{"0":{"loc":{"start":{"line":15,"column":6},"end":{"line":107,"column":7}},"type":"if","locations":[{"start":{"line":15,"column":6},"end":{"line":107,"column":7}},{"start":{},"end":{}}],"line":15},"1":{"loc":{"start":{"line":17,"column":8},"end":{"line":106,"column":9}},"type":"if","locations":[{"start":{"line":17,"column":8},"end":{"line":106,"column":9}},{"start":{"line":104,"column":15},"end":{"line":106,"column":9}}],"line":17},"2":{"loc":{"start":{"line":18,"column":10},"end":{"line":19,"column":52}},"type":"binary-expr","locations":[{"start":{"line":18,"column":10},"end":{"line":18,"column":48}},{"start":{"line":19,"column":10},"end":{"line":19,"column":52}}],"line":18},"3":{"loc":{"start":{"line":29,"column":10},"end":{"line":103,"column":11}},"type":"if","locations":[{"start":{"line":29,"column":10},"end":{"line":103,"column":11}},{"start":{},"end":{}}],"line":29},"4":{"loc":{"start":{"line":33,"column":12},"end":{"line":98,"column":13}},"type":"if","locations":[{"start":{"line":33,"column":12},"end":{"line":98,"column":13}},{"start":{"line":43,"column":19},"end":{"line":98,"column":13}}],"line":33},"5":{"loc":{"start":{"line":43,"column":19},"end":{"line":98,"column":13}},"type":"if","locations":[{"start":{"line":43,"column":19},"end":{"line":98,"column":13}},{"start":{},"end":{}}],"line":43},"6":{"loc":{"start":{"line":82,"column":14},"end":{"line":97,"column":15}},"type":"if","locations":[{"start":{"line":82,"column":14},"end":{"line":97,"column":15}},{"start":{},"end":{}}],"line":82}},"s":{"0":1,"1":1,"2":1,"3":1,"4":0,"5":0,"6":0,"7":0,"8":0,"9":0,"10":0,"11":0,"12":0,"13":0,"14":0,"15":0,"16":0,"17":0,"18":0,"19":0,"20":0,"21":0,"22":0,"23":0,"24":0,"25":0,"26":0,"27":0,"28":1},"f":{"0":0},"b":{"0":[0,0],"1":[0,0],"2":[0,0],"3":[0,0],"4":[0,0],"5":[0,0],"6":[0,0]},"_coverageSchema":"1a1c01bbd47fc00a2c39e90264f33305004495a9","hash":"b57ff84757b9da75b8f4ca6df60d63740f6e82bd"}
,"C:\\Users\\Arul\\loan-car-system-1\\controllers\\user.controllers.js": {"path":"C:\\Users\\Arul\\loan-car-system-1\\controllers\\user.controllers.js","statementMap":{"0":{"start":{"line":1,"column":23},"end":{"line":1,"column":59}},"1":{"start":{"line":2,"column":38},"end":{"line":2,"column":58}},"2":{"start":{"line":5,"column":14},"end":{"line":5,"column":43}},"3":{"start":{"line":6,"column":4},"end":{"line":33,"column":5}},"4":{"start":{"line":7,"column":27},"end":{"line":7,"column":35}},"5":{"start":{"line":9,"column":19},"end":{"line":17,"column":8}},"6":{"start":{"line":19,"column":26},"end":{"line":25,"column":7}},"7":{"start":{"line":27,"column":6},"end":{"line":27,"column":22}},"8":{"start":{"line":29,"column":6},"end":{"line":29,"column":66}},"9":{"start":{"line":31,"column":6},"end":{"line":31,"column":24}},"10":{"start":{"line":32,"column":6},"end":{"line":32,"column":15}},"11":{"start":{"line":37,"column":4},"end":{"line":62,"column":5}},"12":{"start":{"line":38,"column":26},"end":{"line":38,"column":37}},"13":{"start":{"line":39,"column":19},"end":{"line":43,"column":8}},"14":{"start":{"line":45,"column":6},"end":{"line":59,"column":7}},"15":{"start":{"line":46,"column":28},"end":{"line":54,"column":9}},"16":{"start":{"line":56,"column":8},"end":{"line":56,"column":76}},"17":{"start":{"line":58,"column":8},"end":{"line":58,"column":39}},"18":{"start":{"line":61,"column":6},"end":{"line":61,"column":15}},"19":{"start":{"line":66,"column":14},"end":{"line":66,"column":43}},"20":{"start":{"line":68,"column":4},"end":{"line":114,"column":5}},"21":{"start":{"line":69,"column":26},"end":{"line":69,"column":37}},"22":{"start":{"line":70,"column":26},"end":{"line":70,"column":34}},"23":{"start":{"line":72,"column":29},"end":{"line":81,"column":7}},"24":{"start":{"line":83,"column":23},"end":{"line":87,"column":8}},"25":{"start":{"line":89,"column":6},"end":{"line":96,"column":7}},"26":{"start":{"line":90,"column":8},"end":{"line":95,"column":9}},"27":{"start":{"line":98,"column":6},"end":{"line":98,"column":22}},"28":{"start":{"line":100,"column":6},"end":{"line":105,"column":7}},"29":{"start":{"line":107,"column":6},"end":{"line":113,"column":7}},"30":{"start":{"line":108,"column":8},"end":{"line":108,"column":26}},"31":{"start":{"line":109,"column":8},"end":{"line":112,"column":10}},"32":{"start":{"line":118,"column":0},"end":{"line":118,"column":31}}},"fnMap":{"0":{"name":"(anonymous_0)","decl":{"start":{"line":4,"column":2},"end":{"line":4,"column":3}},"loc":{"start":{"line":4,"column":32},"end":{"line":34,"column":3}},"line":4},"1":{"name":"(anonymous_1)","decl":{"start":{"line":36,"column":2},"end":{"line":36,"column":3}},"loc":{"start":{"line":36,"column":33},"end":{"line":63,"column":3}},"line":36},"2":{"name":"(anonymous_2)","decl":{"start":{"line":65,"column":2},"end":{"line":65,"column":3}},"loc":{"start":{"line":65,"column":35},"end":{"line":115,"column":3}},"line":65}},"branchMap":{"0":{"loc":{"start":{"line":45,"column":6},"end":{"line":59,"column":7}},"type":"if","locations":[{"start":{"line":45,"column":6},"end":{"line":59,"column":7}},{"start":{"line":57,"column":13},"end":{"line":59,"column":7}}],"line":45},"1":{"loc":{"start":{"line":89,"column":6},"end":{"line":96,"column":7}},"type":"if","locations":[{"start":{"line":89,"column":6},"end":{"line":96,"column":7}},{"start":{},"end":{}}],"line":89},"2":{"loc":{"start":{"line":107,"column":6},"end":{"line":113,"column":7}},"type":"if","locations":[{"start":{"line":107,"column":6},"end":{"line":113,"column":7}},{"start":{},"end":{}}],"line":107}},"s":{"0":1,"1":1,"2":1,"3":1,"4":1,"5":1,"6":1,"7":1,"8":1,"9":0,"10":0,"11":0,"12":0,"13":0,"14":0,"15":0,"16":0,"17":0,"18":0,"19":0,"20":0,"21":0,"22":0,"23":0,"24":0,"25":0,"26":0,"27":0,"28":0,"29":0,"30":0,"31":0,"32":1},"f":{"0":1,"1":0,"2":0},"b":{"0":[0,0],"1":[0,0],"2":[0,0]},"_coverageSchema":"1a1c01bbd47fc00a2c39e90264f33305004495a9","hash":"ce9bc09d151e2236204d46e4a9e0998125fb4943"}
,"C:\\Users\\Arul\\loan-car-system-1\\helpers\\err-handler.helpers.js": {"path":"C:\\Users\\Arul\\loan-car-system-1\\helpers\\err-handler.helpers.js","statementMap":{"0":{"start":{"line":2,"column":13},"end":{"line":2,"column":28}},"1":{"start":{"line":4,"column":2},"end":{"line":37,"column":3}},"2":{"start":{"line":8,"column":4},"end":{"line":8,"column":14}},"3":{"start":{"line":9,"column":4},"end":{"line":11,"column":6}},"4":{"start":{"line":10,"column":6},"end":{"line":10,"column":23}},"5":{"start":{"line":12,"column":9},"end":{"line":37,"column":3}},"6":{"start":{"line":18,"column":4},"end":{"line":18,"column":14}},"7":{"start":{"line":19,"column":4},"end":{"line":19,"column":25}},"8":{"start":{"line":20,"column":9},"end":{"line":37,"column":3}},"9":{"start":{"line":24,"column":4},"end":{"line":24,"column":14}},"10":{"start":{"line":25,"column":4},"end":{"line":25,"column":25}},"11":{"start":{"line":26,"column":9},"end":{"line":37,"column":3}},"12":{"start":{"line":27,"column":4},"end":{"line":27,"column":14}},"13":{"start":{"line":28,"column":4},"end":{"line":28,"column":32}},"14":{"start":{"line":29,"column":9},"end":{"line":37,"column":3}},"15":{"start":{"line":30,"column":4},"end":{"line":30,"column":14}},"16":{"start":{"line":31,"column":4},"end":{"line":31,"column":25}},"17":{"start":{"line":32,"column":9},"end":{"line":37,"column":3}},"18":{"start":{"line":33,"column":4},"end":{"line":33,"column":14}},"19":{"start":{"line":34,"column":4},"end":{"line":34,"column":22}},"20":{"start":{"line":36,"column":4},"end":{"line":36,"column":37}},"21":{"start":{"line":39,"column":2},"end":{"line":41,"column":4}},"22":{"start":{"line":44,"column":0},"end":{"line":46,"column":1}}},"fnMap":{"0":{"name":"errorHandler","decl":{"start":{"line":1,"column":9},"end":{"line":1,"column":21}},"loc":{"start":{"line":1,"column":44},"end":{"line":42,"column":1}},"line":1},"1":{"name":"(anonymous_1)","decl":{"start":{"line":9,"column":29},"end":{"line":9,"column":30}},"loc":{"start":{"line":9,"column":35},"end":{"line":11,"column":5}},"line":9}},"branchMap":{"0":{"loc":{"start":{"line":2,"column":13},"end":{"line":2,"column":28}},"type":"binary-expr","locations":[{"start":{"line":2,"column":13},"end":{"line":2,"column":21}},{"start":{"line":2,"column":25},"end":{"line":2,"column":28}}],"line":2},"1":{"loc":{"start":{"line":4,"column":2},"end":{"line":37,"column":3}},"type":"if","locations":[{"start":{"line":4,"column":2},"end":{"line":37,"column":3}},{"start":{"line":12,"column":9},"end":{"line":37,"column":3}}],"line":4},"2":{"loc":{"start":{"line":5,"column":4},"end":{"line":6,"column":49}},"type":"binary-expr","locations":[{"start":{"line":5,"column":4},"end":{"line":5,"column":43}},{"start":{"line":6,"column":4},"end":{"line":6,"column":49}}],"line":5},"3":{"loc":{"start":{"line":12,"column":9},"end":{"line":37,"column":3}},"type":"if","locations":[{"start":{"line":12,"column":9},"end":{"line":37,"column":3}},{"start":{"line":20,"column":9},"end":{"line":37,"column":3}}],"line":12},"4":{"loc":{"start":{"line":13,"column":4},"end":{"line":16,"column":26}},"type":"binary-expr","locations":[{"start":{"line":13,"column":4},"end":{"line":13,"column":43}},{"start":{"line":14,"column":4},"end":{"line":14,"column":47}},{"start":{"line":15,"column":4},"end":{"line":15,"column":27}},{"start":{"line":16,"column":4},"end":{"line":16,"column":26}}],"line":13},"5":{"loc":{"start":{"line":20,"column":9},"end":{"line":37,"column":3}},"type":"if","locations":[{"start":{"line":20,"column":9},"end":{"line":37,"column":3}},{"start":{"line":26,"column":9},"end":{"line":37,"column":3}}],"line":20},"6":{"loc":{"start":{"line":21,"column":4},"end":{"line":22,"column":43}},"type":"binary-expr","locations":[{"start":{"line":21,"column":4},"end":{"line":21,"column":38}},{"start":{"line":22,"column":4},"end":{"line":22,"column":43}}],"line":21},"7":{"loc":{"start":{"line":26,"column":9},"end":{"line":37,"column":3}},"type":"if","locations":[{"start":{"line":26,"column":9},"end":{"line":37,"column":3}},{"start":{"line":29,"column":9},"end":{"line":37,"column":3}}],"line":26},"8":{"loc":{"start":{"line":29,"column":9},"end":{"line":37,"column":3}},"type":"if","locations":[{"start":{"line":29,"column":9},"end":{"line":37,"column":3}},{"start":{"line":32,"column":9},"end":{"line":37,"column":3}}],"line":29},"9":{"loc":{"start":{"line":32,"column":9},"end":{"line":37,"column":3}},"type":"if","locations":[{"start":{"line":32,"column":9},"end":{"line":37,"column":3}},{"start":{"line":35,"column":9},"end":{"line":37,"column":3}}],"line":32}},"s":{"0":0,"1":0,"2":0,"3":0,"4":0,"5":0,"6":0,"7":0,"8":0,"9":0,"10":0,"11":0,"12":0,"13":0,"14":0,"15":0,"16":0,"17":0,"18":0,"19":0,"20":0,"21":0,"22":1},"f":{"0":0,"1":0},"b":{"0":[0,0],"1":[0,0],"2":[0,0],"3":[0,0],"4":[0,0,0,0],"5":[0,0],"6":[0,0],"7":[0,0],"8":[0,0],"9":[0,0]},"_coverageSchema":"1a1c01bbd47fc00a2c39e90264f33305004495a9","hash":"da9ea8092ce99e8074f952897f82c71c479ba94c"}
,"C:\\Users\\Arul\\loan-car-system-1\\helpers\\interest-rate.helpers.js": {"path":"C:\\Users\\Arul\\loan-car-system-1\\helpers\\interest-rate.helpers.js","statementMap":{"0":{"start":{"line":2,"column":30},"end":{"line":2,"column":53}},"1":{"start":{"line":3,"column":24},"end":{"line":3,"column":72}},"2":{"start":{"line":4,"column":36},"end":{"line":4,"column":71}},"3":{"start":{"line":5,"column":2},"end":{"line":5,"column":34}},"4":{"start":{"line":8,"column":0},"end":{"line":8,"column":29}}},"fnMap":{"0":{"name":"interestRate","decl":{"start":{"line":1,"column":9},"end":{"line":1,"column":21}},"loc":{"start":{"line":1,"column":62},"end":{"line":6,"column":1}},"line":1}},"branchMap":{},"s":{"0":0,"1":0,"2":0,"3":0,"4":1},"f":{"0":0},"b":{},"_coverageSchema":"1a1c01bbd47fc00a2c39e90264f33305004495a9","hash":"c9c21363bde242c63dd935e7547213bd9111e56a"}
,"C:\\Users\\Arul\\loan-car-system-1\\helpers\\succes-handler.js": {"path":"C:\\Users\\Arul\\loan-car-system-1\\helpers\\succes-handler.js","statementMap":{"0":{"start":{"line":2,"column":2},"end":{"line":5,"column":4}},"1":{"start":{"line":8,"column":0},"end":{"line":8,"column":31}}},"fnMap":{"0":{"name":"successHandler","decl":{"start":{"line":1,"column":9},"end":{"line":1,"column":23}},"loc":{"start":{"line":1,"column":51},"end":{"line":6,"column":1}},"line":1}},"branchMap":{},"s":{"0":1,"1":1},"f":{"0":1},"b":{},"_coverageSchema":"1a1c01bbd47fc00a2c39e90264f33305004495a9","hash":"2f51bb727c211d5f3b8e07aeac6a67e707749e04"}
,"C:\\Users\\Arul\\loan-car-system-1\\middlewares\\auth.js": {"path":"C:\\Users\\Arul\\loan-car-system-1\\middlewares\\auth.js","statementMap":{"0":{"start":{"line":1,"column":39},"end":{"line":1,"column":59}},"1":{"start":{"line":3,"column":22},"end":{"line":3,"column":33}},"2":{"start":{"line":5,"column":2},"end":{"line":19,"column":3}},"3":{"start":{"line":6,"column":17},"end":{"line":10,"column":6}},"4":{"start":{"line":12,"column":4},"end":{"line":16,"column":5}},"5":{"start":{"line":13,"column":6},"end":{"line":13,"column":12}},"6":{"start":{"line":15,"column":6},"end":{"line":15,"column":46}},"7":{"start":{"line":18,"column":4},"end":{"line":18,"column":13}},"8":{"start":{"line":23,"column":2},"end":{"line":39,"column":3}},"9":{"start":{"line":24,"column":24},"end":{"line":24,"column":35}},"10":{"start":{"line":26,"column":27},"end":{"line":30,"column":6}},"11":{"start":{"line":32,"column":4},"end":{"line":36,"column":5}},"12":{"start":{"line":33,"column":6},"end":{"line":33,"column":12}},"13":{"start":{"line":35,"column":6},"end":{"line":35,"column":41}},"14":{"start":{"line":38,"column":4},"end":{"line":38,"column":13}},"15":{"start":{"line":43,"column":2},"end":{"line":59,"column":3}},"16":{"start":{"line":44,"column":24},"end":{"line":44,"column":35}},"17":{"start":{"line":46,"column":23},"end":{"line":50,"column":6}},"18":{"start":{"line":52,"column":4},"end":{"line":56,"column":5}},"19":{"start":{"line":53,"column":6},"end":{"line":53,"column":12}},"20":{"start":{"line":55,"column":6},"end":{"line":55,"column":41}},"21":{"start":{"line":58,"column":4},"end":{"line":58,"column":13}},"22":{"start":{"line":62,"column":0},"end":{"line":66,"column":1}}},"fnMap":{"0":{"name":"AuthMidleware","decl":{"start":{"line":2,"column":15},"end":{"line":2,"column":28}},"loc":{"start":{"line":2,"column":46},"end":{"line":20,"column":1}},"line":2},"1":{"name":"AuthorizedInstallment","decl":{"start":{"line":22,"column":15},"end":{"line":22,"column":36}},"loc":{"start":{"line":22,"column":54},"end":{"line":40,"column":1}},"line":22},"2":{"name":"AuthorizedInvoice","decl":{"start":{"line":42,"column":15},"end":{"line":42,"column":32}},"loc":{"start":{"line":42,"column":50},"end":{"line":60,"column":1}},"line":42}},"branchMap":{"0":{"loc":{"start":{"line":12,"column":4},"end":{"line":16,"column":5}},"type":"if","locations":[{"start":{"line":12,"column":4},"end":{"line":16,"column":5}},{"start":{"line":14,"column":11},"end":{"line":16,"column":5}}],"line":12},"1":{"loc":{"start":{"line":12,"column":8},"end":{"line":12,"column":53}},"type":"binary-expr","locations":[{"start":{"line":12,"column":8},"end":{"line":12,"column":27}},{"start":{"line":12,"column":31},"end":{"line":12,"column":53}}],"line":12},"2":{"loc":{"start":{"line":32,"column":4},"end":{"line":36,"column":5}},"type":"if","locations":[{"start":{"line":32,"column":4},"end":{"line":36,"column":5}},{"start":{"line":34,"column":11},"end":{"line":36,"column":5}}],"line":32},"3":{"loc":{"start":{"line":52,"column":4},"end":{"line":56,"column":5}},"type":"if","locations":[{"start":{"line":52,"column":4},"end":{"line":56,"column":5}},{"start":{"line":54,"column":11},"end":{"line":56,"column":5}}],"line":52}},"s":{"0":1,"1":0,"2":0,"3":0,"4":0,"5":0,"6":0,"7":0,"8":0,"9":0,"10":0,"11":0,"12":0,"13":0,"14":0,"15":0,"16":0,"17":0,"18":0,"19":0,"20":0,"21":0,"22":1},"f":{"0":0,"1":0,"2":0},"b":{"0":[0,0],"1":[0,0],"2":[0,0],"3":[0,0]},"_coverageSchema":"1a1c01bbd47fc00a2c39e90264f33305004495a9","hash":"f7cb578fc56919ef81df870f48611eba83d176c0"}
,"C:\\Users\\Arul\\loan-car-system-1\\models\\car.js": {"path":"C:\\Users\\Arul\\loan-car-system-1\\models\\car.js","statementMap":{"0":{"start":{"line":2,"column":18},"end":{"line":2,"column":38}},"1":{"start":{"line":3,"column":0},"end":{"line":34,"column":1}},"2":{"start":{"line":12,"column":6},"end":{"line":14,"column":8}},"3":{"start":{"line":16,"column":6},"end":{"line":18,"column":8}},"4":{"start":{"line":21,"column":2},"end":{"line":32,"column":3}},"5":{"start":{"line":33,"column":2},"end":{"line":33,"column":12}}},"fnMap":{"0":{"name":"(anonymous_0)","decl":{"start":{"line":3,"column":17},"end":{"line":3,"column":18}},"loc":{"start":{"line":3,"column":43},"end":{"line":34,"column":1}},"line":3},"1":{"name":"(anonymous_1)","decl":{"start":{"line":10,"column":4},"end":{"line":10,"column":5}},"loc":{"start":{"line":10,"column":30},"end":{"line":19,"column":5}},"line":10}},"branchMap":{},"s":{"0":1,"1":1,"2":1,"3":1,"4":1,"5":1},"f":{"0":1,"1":1},"b":{},"_coverageSchema":"1a1c01bbd47fc00a2c39e90264f33305004495a9","hash":"9992ba4590ab53b259c2e9021d52f7fe2fcfc1e8"}
,"C:\\Users\\Arul\\loan-car-system-1\\models\\deposite.js": {"path":"C:\\Users\\Arul\\loan-car-system-1\\models\\deposite.js","statementMap":{"0":{"start":{"line":2,"column":18},"end":{"line":2,"column":38}},"1":{"start":{"line":3,"column":0},"end":{"line":24,"column":1}},"2":{"start":{"line":14,"column":2},"end":{"line":22,"column":3}},"3":{"start":{"line":23,"column":2},"end":{"line":23,"column":17}}},"fnMap":{"0":{"name":"(anonymous_0)","decl":{"start":{"line":3,"column":17},"end":{"line":3,"column":18}},"loc":{"start":{"line":3,"column":43},"end":{"line":24,"column":1}},"line":3},"1":{"name":"(anonymous_1)","decl":{"start":{"line":10,"column":4},"end":{"line":10,"column":5}},"loc":{"start":{"line":10,"column":30},"end":{"line":12,"column":5}},"line":10}},"branchMap":{},"s":{"0":1,"1":1,"2":1,"3":1},"f":{"0":1,"1":1},"b":{},"_coverageSchema":"1a1c01bbd47fc00a2c39e90264f33305004495a9","hash":"a4d80112e1062d254a0f5ad6d84738c40a40ed8b"}
,"C:\\Users\\Arul\\loan-car-system-1\\models\\index.js": {"path":"C:\\Users\\Arul\\loan-car-system-1\\models\\index.js","statementMap":{"0":{"start":{"line":3,"column":11},"end":{"line":3,"column":24}},"1":{"start":{"line":4,"column":13},"end":{"line":4,"column":28}},"2":{"start":{"line":5,"column":18},"end":{"line":5,"column":38}},"3":{"start":{"line":6,"column":16},"end":{"line":6,"column":34}},"4":{"start":{"line":7,"column":17},"end":{"line":7,"column":42}},"5":{"start":{"line":8,"column":12},"end":{"line":8,"column":49}},"6":{"start":{"line":9,"column":15},"end":{"line":9,"column":65}},"7":{"start":{"line":10,"column":11},"end":{"line":10,"column":13}},"8":{"start":{"line":13,"column":0},"end":{"line":17,"column":1}},"9":{"start":{"line":14,"column":2},"end":{"line":14,"column":74}},"10":{"start":{"line":16,"column":2},"end":{"line":16,"column":87}},"11":{"start":{"line":19,"column":0},"end":{"line":32,"column":5}},"12":{"start":{"line":22,"column":4},"end":{"line":27,"column":6}},"13":{"start":{"line":30,"column":18},"end":{"line":30,"column":85}},"14":{"start":{"line":31,"column":4},"end":{"line":31,"column":27}},"15":{"start":{"line":34,"column":0},"end":{"line":38,"column":3}},"16":{"start":{"line":35,"column":2},"end":{"line":37,"column":3}},"17":{"start":{"line":36,"column":4},"end":{"line":36,"column":32}},"18":{"start":{"line":40,"column":0},"end":{"line":40,"column":25}},"19":{"start":{"line":41,"column":0},"end":{"line":41,"column":25}},"20":{"start":{"line":43,"column":0},"end":{"line":43,"column":20}}},"fnMap":{"0":{"name":"(anonymous_0)","decl":{"start":{"line":21,"column":10},"end":{"line":21,"column":11}},"loc":{"start":{"line":21,"column":18},"end":{"line":28,"column":3}},"line":21},"1":{"name":"(anonymous_1)","decl":{"start":{"line":29,"column":11},"end":{"line":29,"column":12}},"loc":{"start":{"line":29,"column":19},"end":{"line":32,"column":3}},"line":29},"2":{"name":"(anonymous_2)","decl":{"start":{"line":34,"column":24},"end":{"line":34,"column":25}},"loc":{"start":{"line":34,"column":37},"end":{"line":38,"column":1}},"line":34}},"branchMap":{"0":{"loc":{"start":{"line":8,"column":12},"end":{"line":8,"column":49}},"type":"binary-expr","locations":[{"start":{"line":8,"column":12},"end":{"line":8,"column":32}},{"start":{"line":8,"column":36},"end":{"line":8,"column":49}}],"line":8},"1":{"loc":{"start":{"line":13,"column":0},"end":{"line":17,"column":1}},"type":"if","locations":[{"start":{"line":13,"column":0},"end":{"line":17,"column":1}},{"start":{"line":15,"column":7},"end":{"line":17,"column":1}}],"line":13},"2":{"loc":{"start":{"line":23,"column":6},"end":{"line":26,"column":37}},"type":"binary-expr","locations":[{"start":{"line":23,"column":6},"end":{"line":23,"column":29}},{"start":{"line":24,"column":6},"end":{"line":24,"column":23}},{"start":{"line":25,"column":6},"end":{"line":25,"column":30}},{"start":{"line":26,"column":6},"end":{"line":26,"column":37}}],"line":23},"3":{"loc":{"start":{"line":35,"column":2},"end":{"line":37,"column":3}},"type":"if","locations":[{"start":{"line":35,"column":2},"end":{"line":37,"column":3}},{"start":{},"end":{}}],"line":35}},"s":{"0":1,"1":1,"2":1,"3":1,"4":1,"5":1,"6":1,"7":1,"8":1,"9":0,"10":1,"11":1,"12":8,"13":7,"14":7,"15":1,"16":7,"17":7,"18":1,"19":1,"20":1},"f":{"0":8,"1":7,"2":7},"b":{"0":[1,0],"1":[0,1],"2":[8,8,7,7],"3":[7,0]},"_coverageSchema":"1a1c01bbd47fc00a2c39e90264f33305004495a9","hash":"cb81d32d94442aae71ba854beb9bff2158a8839c"}
,"C:\\Users\\Arul\\loan-car-system-1\\models\\installment.js": {"path":"C:\\Users\\Arul\\loan-car-system-1\\models\\installment.js","statementMap":{"0":{"start":{"line":2,"column":18},"end":{"line":2,"column":38}},"1":{"start":{"line":3,"column":0},"end":{"line":51,"column":1}},"2":{"start":{"line":12,"column":6},"end":{"line":14,"column":8}},"3":{"start":{"line":17,"column":2},"end":{"line":49,"column":3}},"4":{"start":{"line":50,"column":2},"end":{"line":50,"column":20}}},"fnMap":{"0":{"name":"(anonymous_0)","decl":{"start":{"line":3,"column":17},"end":{"line":3,"column":18}},"loc":{"start":{"line":3,"column":43},"end":{"line":51,"column":1}},"line":3},"1":{"name":"(anonymous_1)","decl":{"start":{"line":10,"column":4},"end":{"line":10,"column":5}},"loc":{"start":{"line":10,"column":30},"end":{"line":15,"column":5}},"line":10}},"branchMap":{},"s":{"0":1,"1":1,"2":1,"3":1,"4":1},"f":{"0":1,"1":1},"b":{},"_coverageSchema":"1a1c01bbd47fc00a2c39e90264f33305004495a9","hash":"9488b38f65d7b9783bde941dd59c76da07b6c3eb"}
,"C:\\Users\\Arul\\loan-car-system-1\\models\\invoice.js": {"path":"C:\\Users\\Arul\\loan-car-system-1\\models\\invoice.js","statementMap":{"0":{"start":{"line":2,"column":18},"end":{"line":2,"column":38}},"1":{"start":{"line":3,"column":0},"end":{"line":84,"column":1}},"2":{"start":{"line":12,"column":6},"end":{"line":14,"column":8}},"3":{"start":{"line":17,"column":2},"end":{"line":82,"column":3}},"4":{"start":{"line":83,"column":2},"end":{"line":83,"column":16}}},"fnMap":{"0":{"name":"(anonymous_0)","decl":{"start":{"line":3,"column":17},"end":{"line":3,"column":18}},"loc":{"start":{"line":3,"column":43},"end":{"line":84,"column":1}},"line":3},"1":{"name":"(anonymous_1)","decl":{"start":{"line":10,"column":4},"end":{"line":10,"column":5}},"loc":{"start":{"line":10,"column":30},"end":{"line":15,"column":5}},"line":10}},"branchMap":{},"s":{"0":1,"1":1,"2":1,"3":1,"4":1},"f":{"0":1,"1":1},"b":{},"_coverageSchema":"1a1c01bbd47fc00a2c39e90264f33305004495a9","hash":"824ee25ef325c28b870dff0ec43abf48ab5e07fa"}
,"C:\\Users\\Arul\\loan-car-system-1\\models\\leasing.js": {"path":"C:\\Users\\Arul\\loan-car-system-1\\models\\leasing.js","statementMap":{"0":{"start":{"line":2,"column":18},"end":{"line":2,"column":38}},"1":{"start":{"line":3,"column":0},"end":{"line":34,"column":1}},"2":{"start":{"line":12,"column":6},"end":{"line":14,"column":8}},"3":{"start":{"line":16,"column":6},"end":{"line":18,"column":8}},"4":{"start":{"line":21,"column":2},"end":{"line":32,"column":3}},"5":{"start":{"line":33,"column":2},"end":{"line":33,"column":16}}},"fnMap":{"0":{"name":"(anonymous_0)","decl":{"start":{"line":3,"column":17},"end":{"line":3,"column":18}},"loc":{"start":{"line":3,"column":43},"end":{"line":34,"column":1}},"line":3},"1":{"name":"(anonymous_1)","decl":{"start":{"line":10,"column":4},"end":{"line":10,"column":5}},"loc":{"start":{"line":10,"column":30},"end":{"line":19,"column":5}},"line":10}},"branchMap":{},"s":{"0":1,"1":1,"2":1,"3":1,"4":1,"5":1},"f":{"0":1,"1":1},"b":{},"_coverageSchema":"1a1c01bbd47fc00a2c39e90264f33305004495a9","hash":"cb7e33827181090fa40260e3e56051e131f1821c"}
,"C:\\Users\\Arul\\loan-car-system-1\\models\\payment.js": {"path":"C:\\Users\\Arul\\loan-car-system-1\\models\\payment.js","statementMap":{"0":{"start":{"line":2,"column":18},"end":{"line":2,"column":38}},"1":{"start":{"line":3,"column":0},"end":{"line":43,"column":1}},"2":{"start":{"line":14,"column":2},"end":{"line":41,"column":3}},"3":{"start":{"line":42,"column":2},"end":{"line":42,"column":16}}},"fnMap":{"0":{"name":"(anonymous_0)","decl":{"start":{"line":3,"column":17},"end":{"line":3,"column":18}},"loc":{"start":{"line":3,"column":43},"end":{"line":43,"column":1}},"line":3},"1":{"name":"(anonymous_1)","decl":{"start":{"line":10,"column":4},"end":{"line":10,"column":5}},"loc":{"start":{"line":10,"column":30},"end":{"line":12,"column":5}},"line":10}},"branchMap":{},"s":{"0":1,"1":1,"2":1,"3":1},"f":{"0":1,"1":1},"b":{},"_coverageSchema":"1a1c01bbd47fc00a2c39e90264f33305004495a9","hash":"10c3f86ff644c2d1cbd316e0f24f6de31f1b9a1d"}
,"C:\\Users\\Arul\\loan-car-system-1\\models\\user.js": {"path":"C:\\Users\\Arul\\loan-car-system-1\\models\\user.js","statementMap":{"0":{"start":{"line":2,"column":18},"end":{"line":2,"column":38}},"1":{"start":{"line":3,"column":0},"end":{"line":50,"column":1}},"2":{"start":{"line":12,"column":6},"end":{"line":14,"column":8}},"3":{"start":{"line":16,"column":6},"end":{"line":18,"column":8}},"4":{"start":{"line":20,"column":6},"end":{"line":22,"column":8}},"5":{"start":{"line":24,"column":6},"end":{"line":26,"column":8}},"6":{"start":{"line":29,"column":2},"end":{"line":48,"column":3}},"7":{"start":{"line":49,"column":2},"end":{"line":49,"column":13}}},"fnMap":{"0":{"name":"(anonymous_0)","decl":{"start":{"line":3,"column":17},"end":{"line":3,"column":18}},"loc":{"start":{"line":3,"column":43},"end":{"line":50,"column":1}},"line":3},"1":{"name":"(anonymous_1)","decl":{"start":{"line":10,"column":4},"end":{"line":10,"column":5}},"loc":{"start":{"line":10,"column":30},"end":{"line":27,"column":5}},"line":10}},"branchMap":{},"s":{"0":1,"1":1,"2":1,"3":1,"4":1,"5":1,"6":1,"7":1},"f":{"0":1,"1":1},"b":{},"_coverageSchema":"1a1c01bbd47fc00a2c39e90264f33305004495a9","hash":"b19453abb39a5c863fff90a6a91a2d3f20fba9a9"}
,"C:\\Users\\Arul\\loan-car-system-1\\repositories\\index.repositories.js": {"path":"C:\\Users\\Arul\\loan-car-system-1\\repositories\\index.repositories.js","statementMap":{"0":{"start":{"line":8,"column":4},"end":{"line":8,"column":24}},"1":{"start":{"line":16,"column":4},"end":{"line":16,"column":21}},"2":{"start":{"line":17,"column":4},"end":{"line":17,"column":35}},"3":{"start":{"line":18,"column":4},"end":{"line":18,"column":27}},"4":{"start":{"line":19,"column":4},"end":{"line":19,"column":19}},"5":{"start":{"line":20,"column":4},"end":{"line":20,"column":27}},"6":{"start":{"line":24,"column":17},"end":{"line":28,"column":6}},"7":{"start":{"line":30,"column":4},"end":{"line":30,"column":15}},"8":{"start":{"line":34,"column":25},"end":{"line":38,"column":6}},"9":{"start":{"line":39,"column":4},"end":{"line":39,"column":23}},"10":{"start":{"line":43,"column":24},"end":{"line":47,"column":6}},"11":{"start":{"line":49,"column":4},"end":{"line":49,"column":22}},"12":{"start":{"line":53,"column":20},"end":{"line":57,"column":6}},"13":{"start":{"line":59,"column":4},"end":{"line":59,"column":18}},"14":{"start":{"line":63,"column":16},"end":{"line":67,"column":6}},"15":{"start":{"line":69,"column":4},"end":{"line":69,"column":14}},"16":{"start":{"line":73,"column":21},"end":{"line":78,"column":6}},"17":{"start":{"line":80,"column":4},"end":{"line":80,"column":19}},"18":{"start":{"line":84,"column":20},"end":{"line":89,"column":6}},"19":{"start":{"line":91,"column":4},"end":{"line":91,"column":18}},"20":{"start":{"line":95,"column":0},"end":{"line":95,"column":32}}},"fnMap":{"0":{"name":"(anonymous_0)","decl":{"start":{"line":15,"column":2},"end":{"line":15,"column":3}},"loc":{"start":{"line":15,"column":17},"end":{"line":21,"column":3}},"line":15},"1":{"name":"(anonymous_1)","decl":{"start":{"line":23,"column":2},"end":{"line":23,"column":3}},"loc":{"start":{"line":23,"column":21},"end":{"line":31,"column":3}},"line":23},"2":{"name":"(anonymous_2)","decl":{"start":{"line":33,"column":2},"end":{"line":33,"column":3}},"loc":{"start":{"line":33,"column":38},"end":{"line":40,"column":3}},"line":33},"3":{"name":"(anonymous_3)","decl":{"start":{"line":42,"column":2},"end":{"line":42,"column":3}},"loc":{"start":{"line":42,"column":30},"end":{"line":50,"column":3}},"line":42},"4":{"name":"(anonymous_4)","decl":{"start":{"line":52,"column":2},"end":{"line":52,"column":3}},"loc":{"start":{"line":52,"column":24},"end":{"line":60,"column":3}},"line":52},"5":{"name":"(anonymous_5)","decl":{"start":{"line":62,"column":2},"end":{"line":62,"column":3}},"loc":{"start":{"line":62,"column":20},"end":{"line":70,"column":3}},"line":62},"6":{"name":"(anonymous_6)","decl":{"start":{"line":72,"column":2},"end":{"line":72,"column":3}},"loc":{"start":{"line":72,"column":35},"end":{"line":81,"column":3}},"line":72},"7":{"name":"(anonymous_7)","decl":{"start":{"line":83,"column":2},"end":{"line":83,"column":3}},"loc":{"start":{"line":83,"column":32},"end":{"line":92,"column":3}},"line":83}},"branchMap":{},"s":{"0":1,"1":3,"2":3,"3":3,"4":3,"5":3,"6":0,"7":0,"8":0,"9":0,"10":0,"11":0,"12":0,"13":0,"14":0,"15":0,"16":0,"17":0,"18":0,"19":0,"20":1},"f":{"0":3,"1":0,"2":0,"3":0,"4":0,"5":0,"6":0,"7":0},"b":{},"_coverageSchema":"1a1c01bbd47fc00a2c39e90264f33305004495a9","hash":"7224e13b61be9b07cfab8f110251bc64afd5f5ed"}
,"C:\\Users\\Arul\\loan-car-system-1\\routers\\index.js": {"path":"C:\\Users\\Arul\\loan-car-system-1\\routers\\index.js","statementMap":{"0":{"start":{"line":1,"column":15},"end":{"line":1,"column":42}},"1":{"start":{"line":2,"column":19},"end":{"line":2,"column":44}},"2":{"start":{"line":3,"column":26},"end":{"line":3,"column":58}},"3":{"start":{"line":4,"column":22},"end":{"line":4,"column":50}},"4":{"start":{"line":5,"column":22},"end":{"line":5,"column":50}},"5":{"start":{"line":6,"column":0},"end":{"line":6,"column":32}},"6":{"start":{"line":7,"column":0},"end":{"line":7,"column":46}},"7":{"start":{"line":8,"column":0},"end":{"line":8,"column":38}},"8":{"start":{"line":9,"column":0},"end":{"line":9,"column":38}},"9":{"start":{"line":10,"column":0},"end":{"line":10,"column":23}}},"fnMap":{},"branchMap":{},"s":{"0":1,"1":1,"2":1,"3":1,"4":1,"5":1,"6":1,"7":1,"8":1,"9":1},"f":{},"b":{},"_coverageSchema":"1a1c01bbd47fc00a2c39e90264f33305004495a9","hash":"b443ba720aa6d0d53939a67f8c2df844e2d46923"}
,"C:\\Users\\Arul\\loan-car-system-1\\routers\\installment.routers.js": {"path":"C:\\Users\\Arul\\loan-car-system-1\\routers\\installment.routers.js","statementMap":{"0":{"start":{"line":1,"column":30},"end":{"line":1,"column":79}},"1":{"start":{"line":2,"column":25},"end":{"line":2,"column":66}},"2":{"start":{"line":3,"column":49},"end":{"line":3,"column":79}},"3":{"start":{"line":6,"column":15},"end":{"line":6,"column":42}},"4":{"start":{"line":8,"column":0},"end":{"line":8,"column":25}},"5":{"start":{"line":9,"column":0},"end":{"line":9,"column":46}},"6":{"start":{"line":10,"column":0},"end":{"line":10,"column":46}},"7":{"start":{"line":11,"column":0},"end":{"line":11,"column":72}},"8":{"start":{"line":12,"column":0},"end":{"line":12,"column":24}},"9":{"start":{"line":13,"column":0},"end":{"line":13,"column":23}}},"fnMap":{},"branchMap":{},"s":{"0":1,"1":1,"2":1,"3":1,"4":1,"5":1,"6":1,"7":1,"8":1,"9":1},"f":{},"b":{},"_coverageSchema":"1a1c01bbd47fc00a2c39e90264f33305004495a9","hash":"b454f6d799d746e43011a466ebe7345f88042942"}
,"C:\\Users\\Arul\\loan-car-system-1\\routers\\invoice.routers.js": {"path":"C:\\Users\\Arul\\loan-car-system-1\\routers\\invoice.routers.js","statementMap":{"0":{"start":{"line":1,"column":26},"end":{"line":1,"column":71}},"1":{"start":{"line":2,"column":25},"end":{"line":2,"column":66}},"2":{"start":{"line":3,"column":45},"end":{"line":3,"column":75}},"3":{"start":{"line":5,"column":15},"end":{"line":5,"column":42}},"4":{"start":{"line":7,"column":0},"end":{"line":7,"column":25}},"5":{"start":{"line":8,"column":0},"end":{"line":8,"column":46}},"6":{"start":{"line":9,"column":0},"end":{"line":9,"column":75}},"7":{"start":{"line":10,"column":0},"end":{"line":10,"column":24}},"8":{"start":{"line":11,"column":0},"end":{"line":11,"column":23}}},"fnMap":{},"branchMap":{},"s":{"0":1,"1":1,"2":1,"3":1,"4":1,"5":1,"6":1,"7":1,"8":1},"f":{},"b":{},"_coverageSchema":"1a1c01bbd47fc00a2c39e90264f33305004495a9","hash":"62de52fad9fabe8fc9ba5e1097d6a59bd2eb89e2"}
,"C:\\Users\\Arul\\loan-car-system-1\\routers\\payment.routers.js": {"path":"C:\\Users\\Arul\\loan-car-system-1\\routers\\payment.routers.js","statementMap":{"0":{"start":{"line":1,"column":26},"end":{"line":1,"column":71}},"1":{"start":{"line":2,"column":25},"end":{"line":2,"column":66}},"2":{"start":{"line":3,"column":45},"end":{"line":3,"column":75}},"3":{"start":{"line":5,"column":15},"end":{"line":5,"column":42}},"4":{"start":{"line":7,"column":0},"end":{"line":7,"column":25}},"5":{"start":{"line":9,"column":0},"end":{"line":9,"column":72}},"6":{"start":{"line":10,"column":0},"end":{"line":10,"column":24}},"7":{"start":{"line":11,"column":0},"end":{"line":11,"column":23}}},"fnMap":{},"branchMap":{},"s":{"0":1,"1":1,"2":1,"3":1,"4":1,"5":1,"6":1,"7":1},"f":{},"b":{},"_coverageSchema":"1a1c01bbd47fc00a2c39e90264f33305004495a9","hash":"0bd5e9b002ad32f8d3ae983fbd47d094faf22a1e"}
,"C:\\Users\\Arul\\loan-car-system-1\\routers\\user.routers.js": {"path":"C:\\Users\\Arul\\loan-car-system-1\\routers\\user.routers.js","statementMap":{"0":{"start":{"line":1,"column":23},"end":{"line":1,"column":65}},"1":{"start":{"line":2,"column":25},"end":{"line":2,"column":66}},"2":{"start":{"line":3,"column":26},"end":{"line":3,"column":56}},"3":{"start":{"line":6,"column":15},"end":{"line":6,"column":42}},"4":{"start":{"line":8,"column":0},"end":{"line":8,"column":43}},"5":{"start":{"line":9,"column":0},"end":{"line":9,"column":25}},"6":{"start":{"line":10,"column":0},"end":{"line":10,"column":46}},"7":{"start":{"line":11,"column":0},"end":{"line":11,"column":49}},"8":{"start":{"line":12,"column":0},"end":{"line":12,"column":24}},"9":{"start":{"line":14,"column":0},"end":{"line":14,"column":23}}},"fnMap":{},"branchMap":{},"s":{"0":1,"1":1,"2":1,"3":1,"4":1,"5":1,"6":1,"7":1,"8":1,"9":1},"f":{},"b":{},"_coverageSchema":"1a1c01bbd47fc00a2c39e90264f33305004495a9","hash":"1489ad41fd11eb5db1675b94892389fa426bcc05"}
}
